<?xml version="1.0" encoding="UTF-8"?>
<!-- Generated by org.testng.reporters.JUnitReportReporter -->
<testsuite hostname="Aadish" failures="0" tests="6" name="testPackage.Keywords_testNG" time="0.024" errors="0" timestamp="2022-09-24T10:46:14 IST" skipped="0">
  <testcase classname="testPackage.Keywords_testNG" name="demo3" time="0.009"/>
  <system-out/>
  <testcase classname="testPackage.Keywords_testNG" name="demo4" time="0.002"/>
  <system-out/>
  <testcase classname="testPackage.Keywords_testNG" name="demo2" time="0.009"/>
  <system-out/>
  <testcase classname="testPackage.Keywords_testNG" name="demo1" time="0.001"/>
  <system-out/>
  <testcase classname="testPackage.Keywords_testNG" name="demo1" time="0.002"/>
  <system-out/>
  <testcase classname="testPackage.Keywords_testNG" name="demo1" time="0.001"/>
  <system-out/>
</testsuite> <!-- testPackage.Keywords_testNG -->
