<?xml version="1.0" encoding="UTF-8"?>
<!-- Generated by org.testng.reporters.JUnitReportReporter -->
<testsuite hostname="Aadish" failures="0" tests="2" name="testPackage.TestNG_Facebook" time="17.717" errors="0" timestamp="2022-09-20T19:49:08 IST" skipped="0">
  <testcase classname="testPackage.TestNG_Facebook" name="verify_Rooms_page" time="7.179"/>
  <system-out/>
  <testcase classname="testPackage.TestNG_Facebook" name="verify_Helpcenter" time="10.538"/>
  <system-out/>
</testsuite> <!-- testPackage.TestNG_Facebook -->
