<?xml version="1.0" encoding="UTF-8"?>
<!-- Generated by org.testng.reporters.JUnitReportReporter -->
<testsuite hostname="Aadish" failures="0" tests="6" name="testPackage.TestNG_Facebook_Messenger" time="13.814" errors="2" timestamp="2022-09-30T12:21:03 IST" skipped="2">
  <testcase classname="testPackage.TestNG_Facebook_Messenger" name="removeObjects" time="2.700"/>
  <system-out/>
  <testcase classname="testPackage.TestNG_Facebook_Messenger" name="verify_Rooms_page" time="2.540">
    <skipped/>
  </testcase> <!-- verify_Rooms_page -->
  <system-out/>
  <testcase classname="testPackage.TestNG_Facebook_Messenger" name="verify_Rooms_page" time="0.000">
    <skipped/>
  </testcase> <!-- verify_Rooms_page -->
  <system-out/>
  <testcase classname="testPackage.TestNG_Facebook_Messenger" name="open_Facebook" time="1.288">
    <error message="Cannot invoke &quot;faceBookPages.LoginPage.enterUser(String)&quot; because &quot;this.loginPage&quot; is null" type="java.lang.NullPointerException">
      <![CDATA[java.lang.NullPointerException: Cannot invoke "faceBookPages.LoginPage.enterUser(String)" because "this.loginPage" is null
at testPackage.TestNG_Facebook_Messenger.open_Facebook(TestNG_Facebook_Messenger.java:67)
at java.base/jdk.internal.reflect.DirectMethodHandleAccessor.invoke(DirectMethodHandleAccessor.java:104)
at java.base/java.lang.reflect.Method.invoke(Method.java:577)
at org.testng.internal.MethodInvocationHelper.invokeMethod(MethodInvocationHelper.java:133)
at org.testng.internal.MethodInvocationHelper.invokeMethodConsideringTimeout(MethodInvocationHelper.java:62)
at org.testng.internal.ConfigInvoker.invokeConfigurationMethod(ConfigInvoker.java:385)
at org.testng.internal.ConfigInvoker.invokeConfigurations(ConfigInvoker.java:321)
at org.testng.internal.TestInvoker.runConfigMethods(TestInvoker.java:700)
at org.testng.internal.TestInvoker.invokeMethod(TestInvoker.java:527)
at org.testng.internal.TestInvoker.invokeTestMethod(TestInvoker.java:173)
at org.testng.internal.MethodRunner.runInSequence(MethodRunner.java:46)
at org.testng.internal.TestInvoker$MethodInvocationAgent.invoke(TestInvoker.java:824)
at org.testng.internal.TestInvoker.invokeTestMethods(TestInvoker.java:146)
at org.testng.internal.TestMethodWorker.invokeTestMethods(TestMethodWorker.java:146)
at org.testng.internal.TestMethodWorker.run(TestMethodWorker.java:128)
at java.base/java.util.concurrent.ThreadPoolExecutor.runWorker(ThreadPoolExecutor.java:1136)
at java.base/java.util.concurrent.ThreadPoolExecutor$Worker.run(ThreadPoolExecutor.java:635)
at java.base/java.lang.Thread.run(Thread.java:833)
]]>
    </error>
  </testcase> <!-- open_Facebook -->
  <system-out/>
  <testcase classname="testPackage.TestNG_Facebook_Messenger" name="removeObjects" time="0.010"/>
  <system-out/>
  <testcase classname="testPackage.TestNG_Facebook_Messenger" name="open_Facebook" time="7.276">
    <error message="Cannot invoke &quot;faceBookPages.LoginPage.enterUser(String)&quot; because &quot;this.loginPage&quot; is null" type="java.lang.NullPointerException">
      <![CDATA[java.lang.NullPointerException: Cannot invoke "faceBookPages.LoginPage.enterUser(String)" because "this.loginPage" is null
at testPackage.TestNG_Facebook_Messenger.open_Facebook(TestNG_Facebook_Messenger.java:67)
at java.base/jdk.internal.reflect.DirectMethodHandleAccessor.invoke(DirectMethodHandleAccessor.java:104)
at java.base/java.lang.reflect.Method.invoke(Method.java:577)
at org.testng.internal.MethodInvocationHelper.invokeMethod(MethodInvocationHelper.java:133)
at org.testng.internal.MethodInvocationHelper.invokeMethodConsideringTimeout(MethodInvocationHelper.java:62)
at org.testng.internal.ConfigInvoker.invokeConfigurationMethod(ConfigInvoker.java:385)
at org.testng.internal.ConfigInvoker.invokeConfigurations(ConfigInvoker.java:321)
at org.testng.internal.TestInvoker.runConfigMethods(TestInvoker.java:700)
at org.testng.internal.TestInvoker.invokeMethod(TestInvoker.java:527)
at org.testng.internal.TestInvoker.invokeTestMethod(TestInvoker.java:173)
at org.testng.internal.MethodRunner.runInSequence(MethodRunner.java:46)
at org.testng.internal.TestInvoker$MethodInvocationAgent.invoke(TestInvoker.java:824)
at org.testng.internal.TestInvoker.invokeTestMethods(TestInvoker.java:146)
at org.testng.internal.TestMethodWorker.invokeTestMethods(TestMethodWorker.java:146)
at org.testng.internal.TestMethodWorker.run(TestMethodWorker.java:128)
at java.base/java.util.concurrent.ThreadPoolExecutor.runWorker(ThreadPoolExecutor.java:1136)
at java.base/java.util.concurrent.ThreadPoolExecutor$Worker.run(ThreadPoolExecutor.java:635)
at java.base/java.lang.Thread.run(Thread.java:833)
]]>
    </error>
  </testcase> <!-- open_Facebook -->
  <system-out/>
</testsuite> <!-- testPackage.TestNG_Facebook_Messenger -->
